<?xml version="1.0" encoding="UTF-8"?>
<!-- Generated by org.testng.reporters.JUnitReportReporter -->
<testsuite name="org.pom.practice.POMFrameWork.LoginPageTest" tests="2" time="13.405" ignored="0" failures="0" timestamp="22 Jul 2018 03:01:17 GMT" skipped="0" hostname="LAPTOP-FCKSJAP5" errors="0">
  <testcase name="loginSuccess" time="7.425" classname="org.pom.practice.POMFrameWork.LoginPageTest"/>
  <testcase name="usernameCheck" time="5.980" classname="org.pom.practice.POMFrameWork.LoginPageTest"/>
</testsuite> <!-- org.pom.practice.POMFrameWork.LoginPageTest -->
